Сборка начата 27.04.2026 13:28:32.
Уровень детализации журнала: Normal.     1>Проект "C:\Users\ppeen\OneDrive\Desktop\unik\1kurs2sem\kpo\SE_Lab10\dop1\dop1.vcxproj" в узле 2 (целевые объекты Build).
     1>PrepareForBuild:
         Структурированный вывод включен. Форматирование диагностики компилятора будет отражать иерархию ошибок. Подробнее см. https://aka.ms/cpp/structured-output.
       InitializeBuildStatus:
         Создание "Debug\dop1.tlog\unsuccessfulbuild", так как было задано "AlwaysCreate".
         Обращение к "Debug\dop1.tlog\unsuccessfulbuild".
       ClCompile:
         C:\Program Files\Microsoft Visual Studio\2022\Community\VC\Tools\MSVC\14.44.35207\bin\HostX86\x86\CL.exe /c /ZI /JMC /nologo /W3 /WX- /diagnostics:column /sdl /Od /Oy- /D WIN32 /D _DEBUG /D _CONSOLE /D _UNICODE /D UNICODE /Gm- /EHsc /RTC1 /MDd /GS /fp:precise /Zc:wchar_t /Zc:forScope /Zc:inline /permissive- /Fo"Debug\\" /Fd"Debug\vc143.pdb" /external:W3 /Gd /TP /analyze- /FC /errorReport:prompt dop1.cpp
         dop1.cpp
       Link:
         C:\Program Files\Microsoft Visual Studio\2022\Community\VC\Tools\MSVC\14.44.35207\bin\HostX86\x86\link.exe /ERRORREPORT:PROMPT /OUT:"C:\Users\ppeen\OneDrive\Desktop\unik\1kurs2sem\kpo\SE_Lab10\Debug\dop1.exe" /INCREMENTAL /ILK:"Debug\dop1.ilk" /NOLOGO kernel32.lib user32.lib gdi32.lib winspool.lib comdlg32.lib advapi32.lib shell32.lib ole32.lib oleaut32.lib uuid.lib odbc32.lib odbccp32.lib /MANIFEST /MANIFESTUAC:"level='asInvoker' uiAccess='false'" /manifest:embed /DEBUG /PDB:"C:\Users\ppeen\OneDrive\Desktop\unik\1kurs2sem\kpo\SE_Lab10\Debug\dop1.pdb" /SUBSYSTEM:CONSOLE /TLBID:1 /DYNAMICBASE /NXCOMPAT /IMPLIB:"C:\Users\ppeen\OneDrive\Desktop\unik\1kurs2sem\kpo\SE_Lab10\Debug\dop1.lib" /MACHINE:X86 Debug\dop1.obj
         dop1.vcxproj -> C:\Users\ppeen\OneDrive\Desktop\unik\1kurs2sem\kpo\SE_Lab10\Debug\dop1.exe
       FinalizeBuildStatus:
         Файл "Debug\dop1.tlog\unsuccessfulbuild" удаляется.
         Обращение к "Debug\dop1.tlog\dop1.lastbuildstate".
     1>Сборка проекта "C:\Users\ppeen\OneDrive\Desktop\unik\1kurs2sem\kpo\SE_Lab10\dop1\dop1.vcxproj" завершена (целевые объекты Build).

Сборка успешно завершена.
    Предупреждений: 0
    Ошибок: 0

Прошло времени 00:00:01.14
