Сборка начата 07.04.2026 19:46:32.
Уровень детализации журнала: Normal.     1>Проект "C:\Users\ppeen\OneDrive\Desktop\unik\1kurs2sem\oaip\14laba — копия\14laba\14laba.vcxproj" в узле 2 (целевые объекты Build).
     1>PrepareForBuild:
         Структурированный вывод включен. Форматирование диагностики компилятора будет отражать иерархию ошибок. Подробнее см. https://aka.ms/cpp/structured-output.
       InitializeBuildStatus:
         Обращение к "x64\Debug\14laba.tlog\unsuccessfulbuild".
       ClCompile:
         C:\Program Files\Microsoft Visual Studio\2022\Community\VC\Tools\MSVC\14.44.35207\bin\HostX64\x64\CL.exe /c /ZI /JMC /nologo /W3 /WX- /diagnostics:column /sdl /Od /D _DEBUG /D _CONSOLE /D _UNICODE /D UNICODE /Gm- /EHsc /RTC1 /MDd /GS /fp:precise /Zc:wchar_t /Zc:forScope /Zc:inline /permissive- /Fo"x64\Debug\\" /Fd"x64\Debug\vc143.pdb" /external:W3 /Gd /TP /FC /errorReport:prompt main.cpp
         main.cpp
       Link:
         C:\Program Files\Microsoft Visual Studio\2022\Community\VC\Tools\MSVC\14.44.35207\bin\HostX64\x64\link.exe /ERRORREPORT:PROMPT /OUT:"C:\Users\ppeen\OneDrive\Desktop\unik\1kurs2sem\oaip\14laba — копия\x64\Debug\14laba.exe" /INCREMENTAL /ILK:"x64\Debug\14laba.ilk" /NOLOGO kernel32.lib user32.lib gdi32.lib winspool.lib comdlg32.lib advapi32.lib shell32.lib ole32.lib oleaut32.lib uuid.lib odbc32.lib odbccp32.lib /MANIFEST /MANIFESTUAC:"level='asInvoker' uiAccess='false'" /manifest:embed /DEBUG /PDB:"C:\Users\ppeen\OneDrive\Desktop\unik\1kurs2sem\oaip\14laba — копия\x64\Debug\14laba.pdb" /SUBSYSTEM:CONSOLE /TLBID:1 /DYNAMICBASE /NXCOMPAT /IMPLIB:"C:\Users\ppeen\OneDrive\Desktop\unik\1kurs2sem\oaip\14laba — копия\x64\Debug\14laba.lib" /MACHINE:X64 x64\Debug\Heap.obj
         x64\Debug\main.obj
         14laba.vcxproj -> C:\Users\ppeen\OneDrive\Desktop\unik\1kurs2sem\oaip\14laba — копия\x64\Debug\14laba.exe
       FinalizeBuildStatus:
         Файл "x64\Debug\14laba.tlog\unsuccessfulbuild" удаляется.
         Обращение к "x64\Debug\14laba.tlog\14laba.lastbuildstate".
     1>Сборка проекта "C:\Users\ppeen\OneDrive\Desktop\unik\1kurs2sem\oaip\14laba — копия\14laba\14laba.vcxproj" завершена (целевые объекты Build).

Сборка успешно завершена.
    Предупреждений: 0
    Ошибок: 0

Прошло времени 00:00:00.76
