Сборка начата 25.04.2026 21:54:49.
Уровень детализации журнала: Normal.     1>Проект "C:\Users\ppeen\OneDrive\Desktop\unik\1kurs2sem\oaip\15laba\dop1\dop1.vcxproj" в узле 2 (целевые объекты Build).
     1>PrepareForBuild:
         Структурированный вывод включен. Форматирование диагностики компилятора будет отражать иерархию ошибок. Подробнее см. https://aka.ms/cpp/structured-output.
         Создание каталога "x64\Debug\dop1.tlog\".
       InitializeBuildStatus:
         Создание "x64\Debug\dop1.tlog\unsuccessfulbuild", так как было задано "AlwaysCreate".
         Обращение к "x64\Debug\dop1.tlog\unsuccessfulbuild".
       ClCompile:
         C:\Program Files\Microsoft Visual Studio\2022\Community\VC\Tools\MSVC\14.44.35207\bin\HostX64\x64\CL.exe /c /ZI /JMC /nologo /W3 /WX- /diagnostics:column /sdl /Od /D _DEBUG /D _CONSOLE /D _UNICODE /D UNICODE /Gm- /EHsc /RTC1 /MDd /GS /fp:precise /Zc:wchar_t /Zc:forScope /Zc:inline /permissive- /Fo"x64\Debug\\" /Fd"x64\Debug\vc143.pdb" /external:W3 /Gd /TP /FC /errorReport:prompt dop1.cpp
         dop1.cpp
     1>C:\Users\ppeen\OneDrive\Desktop\unik\1kurs2sem\oaip\15laba\dop1\dop1.cpp(7,17): warning C4244: инициализация: преобразование "double" в "int", возможна потеря данных
       Link:
         C:\Program Files\Microsoft Visual Studio\2022\Community\VC\Tools\MSVC\14.44.35207\bin\HostX64\x64\link.exe /ERRORREPORT:PROMPT /OUT:"C:\Users\ppeen\OneDrive\Desktop\unik\1kurs2sem\oaip\15laba\x64\Debug\dop1.exe" /INCREMENTAL /ILK:"x64\Debug\dop1.ilk" /NOLOGO kernel32.lib user32.lib gdi32.lib winspool.lib comdlg32.lib advapi32.lib shell32.lib ole32.lib oleaut32.lib uuid.lib odbc32.lib odbccp32.lib /MANIFEST /MANIFESTUAC:"level='asInvoker' uiAccess='false'" /manifest:embed /DEBUG /PDB:"C:\Users\ppeen\OneDrive\Desktop\unik\1kurs2sem\oaip\15laba\x64\Debug\dop1.pdb" /SUBSYSTEM:CONSOLE /TLBID:1 /DYNAMICBASE /NXCOMPAT /IMPLIB:"C:\Users\ppeen\OneDrive\Desktop\unik\1kurs2sem\oaip\15laba\x64\Debug\dop1.lib" /MACHINE:X64 x64\Debug\dop1.obj
         dop1.vcxproj -> C:\Users\ppeen\OneDrive\Desktop\unik\1kurs2sem\oaip\15laba\x64\Debug\dop1.exe
       FinalizeBuildStatus:
         Файл "x64\Debug\dop1.tlog\unsuccessfulbuild" удаляется.
         Обращение к "x64\Debug\dop1.tlog\dop1.lastbuildstate".
     1>Сборка проекта "C:\Users\ppeen\OneDrive\Desktop\unik\1kurs2sem\oaip\15laba\dop1\dop1.vcxproj" завершена (целевые объекты Build).

Сборка успешно завершена.

       "C:\Users\ppeen\OneDrive\Desktop\unik\1kurs2sem\oaip\15laba\dop1\dop1.vcxproj" (целевой объект Build ) (1) ->
       (Целевой объект ClCompile) -> 
         C:\Users\ppeen\OneDrive\Desktop\unik\1kurs2sem\oaip\15laba\dop1\dop1.cpp(7,17): warning C4244: инициализация: преобразование "double" в "int", возможна потеря данных

    Предупреждений: 1
    Ошибок: 0

Прошло времени 00:00:00.81
