Сборка начата 06.04.2026 14:23:00.
Уровень детализации журнала: Normal.     1>Проект "C:\Users\ppeen\OneDrive\Desktop\unik\1kurs2sem\kpo\SE_Lab06\SE_Lab06S\SE_Lab06S.vcxproj" в узле 2 (целевые объекты Build).
     1>PrepareForBuild:
         Структурированный вывод включен. Форматирование диагностики компилятора будет отражать иерархию ошибок. Подробнее см. https://aka.ms/cpp/structured-output.
       InitializeBuildStatus:
         Обращение к "x64\Debug\SE_Lab06S.tlog\unsuccessfulbuild".
       ClCompile:
         C:\Program Files\Microsoft Visual Studio\2022\Community\VC\Tools\MSVC\14.44.35207\bin\HostX64\x64\CL.exe /c /ZI /JMC /nologo /W3 /WX- /diagnostics:column /sdl /Od /D _DEBUG /D _CONSOLE /D TEST_DICTIONARY /D _UNICODE /D UNICODE /Gm- /EHsc /RTC1 /MDd /GS /fp:precise /Zc:wchar_t /Zc:forScope /Zc:inline /permissive- /Fo"x64\Debug\\" /Fd"x64\Debug\vc143.pdb" /external:W3 /Gd /TP /FC /errorReport:prompt SE_Lab06S.cpp
         SE_Lab06S.cpp
       Link:
         C:\Program Files\Microsoft Visual Studio\2022\Community\VC\Tools\MSVC\14.44.35207\bin\HostX64\x64\link.exe /ERRORREPORT:PROMPT /OUT:"C:\Users\ppeen\OneDrive\Desktop\unik\1kurs2sem\kpo\SE_Lab06\x64\Debug\SE_Lab06S.exe" /INCREMENTAL /ILK:"x64\Debug\SE_Lab06S.ilk" /NOLOGO kernel32.lib user32.lib gdi32.lib winspool.lib comdlg32.lib advapi32.lib shell32.lib ole32.lib oleaut32.lib uuid.lib odbc32.lib odbccp32.lib /MANIFEST /MANIFESTUAC:"level='asInvoker' uiAccess='false'" /manifest:embed /DEBUG /PDB:"C:\Users\ppeen\OneDrive\Desktop\unik\1kurs2sem\kpo\SE_Lab06\x64\Debug\SE_Lab06S.pdb" /SUBSYSTEM:CONSOLE /TLBID:1 /DYNAMICBASE /NXCOMPAT /IMPLIB:"C:\Users\ppeen\OneDrive\Desktop\unik\1kurs2sem\kpo\SE_Lab06\x64\Debug\SE_Lab06S.lib" /MACHINE:X64 x64\Debug\SE_Lab06S.obj
         SE_Lab06S.vcxproj -> C:\Users\ppeen\OneDrive\Desktop\unik\1kurs2sem\kpo\SE_Lab06\x64\Debug\SE_Lab06S.exe
       FinalizeBuildStatus:
         Файл "x64\Debug\SE_Lab06S.tlog\unsuccessfulbuild" удаляется.
         Обращение к "x64\Debug\SE_Lab06S.tlog\SE_Lab06S.lastbuildstate".
     1>Сборка проекта "C:\Users\ppeen\OneDrive\Desktop\unik\1kurs2sem\kpo\SE_Lab06\SE_Lab06S\SE_Lab06S.vcxproj" завершена (целевые объекты Build).

Сборка успешно завершена.
    Предупреждений: 0
    Ошибок: 0

Прошло времени 00:00:01.21
